{
  "status": "pass",
  "startedAt": "2026-02-14T05:50:59.700Z",
  "generatedAt": "2026-02-14T05:51:03.747Z",
  "totalMutants": 3,
  "killedMutants": 3,
  "survivedMutants": 0,
  "mutationScore": 1,
  "threshold": 1,
  "passed": true,
  "mutants": [
    {
      "mutantId": "MUT-AW-ANY-ALL-INVERSION",
      "description": "ANY/ALL 分岐反転",
      "killed": true,
      "exitCode": 1,
      "durationMs": 1606,
      "command": "pnpm exec vitest run tests/acceptance/approval-engine.acceptance.test.ts -t AW-ACC-01",
      "stdoutTail": "RUN  v3.2.4 /home/devuser/work/CodeX/ae-framework_exp05/ae-framework-test-05-Approval-Workflow-Service\n\n ❯ tests/acceptance/approval-engine.acceptance.test.ts (5 tests | 1 failed | 4 skipped) 24ms\n   × Approval Workflow Acceptance > AW-ACC-01: ANY step simultaneous approvals complete step once without duplicate next-step tasks 23ms\n     → expected +0 to be 1 // Object.is equality\n   ↓ Approval Workflow Acceptance > AW-ACC-02: a single reject moves request to REJECTED and closes all pending tasks\n   ↓ Approval Workflow Acceptance > AW-ACC-03: submit/decide operations are rejected after terminal state\n   ↓ Approval Workflow Acceptance > AW-AUTH-002: task decision is denied for non-assignee\n   ↓ Approval Workflow Acceptance > AW-ACC-04: audit log keeps submit to final decision trace\n\n Test Files  1 failed (1)\n      Tests  1 failed | 4 skipped (5)\n   Start at  14:51:00\n   Duration  671ms (transform 187ms, setup 0ms, collect 140ms, tests 24ms, environment 0ms, prepare 200ms)",
      "stderrTail": "⎯⎯⎯⎯⎯⎯⎯ Failed Tests 1 ⎯⎯⎯⎯⎯⎯⎯\n\n FAIL  tests/acceptance/approval-engine.acceptance.test.ts > Approval Workflow Acceptance > AW-ACC-01: ANY step simultaneous approvals complete step once without duplicate next-step tasks\nAssertionError: expected +0 to be 1 // Object.is equality\n\n- Expected\n+ Received\n\n- 1\n+ 0\n\n ❯ tests/acceptance/approval-engine.acceptance.test.ts:82:27\n     80|     const settled = [r1, r2];\n     81|     const rejectedCount = settled.filter((item) => item.status === 're…\n     82|     expect(rejectedCount).toBe(1);\n       |                           ^\n     83| \n     84|     const updatedRequest = engine.getRequest(request.requestId, admin);\n\n⎯⎯⎯⎯⎯⎯⎯⎯⎯⎯⎯⎯⎯⎯⎯⎯⎯⎯⎯⎯⎯⎯⎯⎯[1/1]⎯"
    },
    {
      "mutantId": "MUT-AW-TERMINAL-GUARD-DROP",
      "description": "終端状態ガードの欠落（decideTask）",
      "killed": true,
      "exitCode": 1,
      "durationMs": 1245,
      "command": "pnpm exec vitest run tests/acceptance/approval-engine.acceptance.test.ts -t AW-ACC-03",
      "stdoutTail": "RUN  v3.2.4 /home/devuser/work/CodeX/ae-framework_exp05/ae-framework-test-05-Approval-Workflow-Service\n\n ❯ tests/acceptance/approval-engine.acceptance.test.ts (5 tests | 1 failed | 4 skipped) 15ms\n   ↓ Approval Workflow Acceptance > AW-ACC-01: ANY step simultaneous approvals complete step once without duplicate next-step tasks\n   ↓ Approval Workflow Acceptance > AW-ACC-02: a single reject moves request to REJECTED and closes all pending tasks\n   × Approval Workflow Acceptance > AW-ACC-03: submit/decide operations are rejected after terminal state 14ms\n     → expected Error: task decision is not allowed in st… { …(2) } to match object { message: StringContaining{…} }\n(2 matching properties omitted from actual)\n   ↓ Approval Workflow Acceptance > AW-AUTH-002: task decision is denied for non-assignee\n   ↓ Approval Workflow Acceptance > AW-ACC-04: audit log keeps submit to final decision trace\n\n Test Files  1 failed (1)\n      Tests  1 failed | 4 skipped (5)\n   Start at  14:51:01\n   Duration  439ms (transform 99ms, setup 0ms, collect 92ms, tests 15ms, environment 1ms, prepare 114ms)",
      "stderrTail": "⎯⎯⎯⎯⎯⎯⎯ Failed Tests 1 ⎯⎯⎯⎯⎯⎯⎯\n\n FAIL  tests/acceptance/approval-engine.acceptance.test.ts > Approval Workflow Acceptance > AW-ACC-03: submit/decide operations are rejected after terminal state\nAssertionError: expected Error: task decision is not allowed in st… { …(2) } to match object { message: StringContaining{…} }\n(2 matching properties omitted from actual)\n\n- Expected\n+ Received\n\n- {\n-   \"message\": StringContaining \"request is terminal\",\n+ ConflictError {\n+   \"message\": \"task decision is not allowed in status: APPROVED\",\n+   \"code\": \"CONFLICT\",\n+   \"statusCode\": 409,\n  }\n\n ❯ tests/acceptance/approval-engine.acceptance.test.ts:183:5\n    181|       message: expect.stringContaining('request is terminal')\n    182|     });\n    183|     await expect(engine.decideTask(task!.taskId, approver, 'APPROVE', …\n       |     ^\n    184|       message: expect.stringContaining('request is terminal')\n    185|     });\n\n⎯⎯⎯⎯⎯⎯⎯⎯⎯⎯⎯⎯⎯⎯⎯⎯⎯⎯⎯⎯⎯⎯⎯⎯[1/1]⎯"
    },
    {
      "mutantId": "MUT-AW-ASSIGNEE-GUARD-DROP",
      "description": "assignee チェック欠落",
      "killed": true,
      "exitCode": 1,
      "durationMs": 1193,
      "command": "pnpm exec vitest run tests/acceptance/approval-engine.acceptance.test.ts -t AW-AUTH-002",
      "stdoutTail": "RUN  v3.2.4 /home/devuser/work/CodeX/ae-framework_exp05/ae-framework-test-05-Approval-Workflow-Service\n\n ❯ tests/acceptance/approval-engine.acceptance.test.ts (5 tests | 1 failed | 4 skipped) 16ms\n   ↓ Approval Workflow Acceptance > AW-ACC-01: ANY step simultaneous approvals complete step once without duplicate next-step tasks\n   ↓ Approval Workflow Acceptance > AW-ACC-02: a single reject moves request to REJECTED and closes all pending tasks\n   ↓ Approval Workflow Acceptance > AW-ACC-03: submit/decide operations are rejected after terminal state\n   × Approval Workflow Acceptance > AW-AUTH-002: task decision is denied for non-assignee 14ms\n     → promise resolved \"{ request: { …(16) }, task: { …(11) } }\" instead of rejecting\n   ↓ Approval Workflow Acceptance > AW-ACC-04: audit log keeps submit to final decision trace\n\n Test Files  1 failed (1)\n      Tests  1 failed | 4 skipped (5)\n   Start at  14:51:03\n   Duration  432ms (transform 94ms, setup 0ms, collect 90ms, tests 16ms, environment 0ms, prepare 117ms)",
      "stderrTail": "+     \"title\": \"Auth Guard\",\n+     \"type\": \"GENERIC\",\n+     \"updatedAt\": \"2026-02-14T05:51:03.550Z\",\n+     \"workflowId\": \"wf-auth\",\n+     \"workflowVersion\": 1,\n+   },\n+   \"task\": {\n+     \"assigneeUserId\": \"approver-01\",\n+     \"createdAt\": \"2026-02-14T05:51:03.549Z\",\n+     \"decidedAt\": \"2026-02-14T05:51:03.550Z\",\n+     \"decisionComment\": \"hijack\",\n+     \"requestId\": \"req_64c40c6a-d65c-4264-a9a9-f3e76e6cf15c\",\n+     \"status\": \"APPROVED\",\n+     \"stepId\": \"step-1\",\n+     \"stepIndex\": 0,\n+     \"taskId\": \"task_132f122e-40d9-416f-b895-0b963457870f\",\n+     \"tenantId\": \"tenant-acme\",\n+     \"updatedAt\": \"2026-02-14T05:51:03.550Z\",\n+   },\n  }\n\n ❯ tests/acceptance/approval-engine.acceptance.test.ts:214:80\n    212| \n    213|     const task = engine.listTasks(admin, { requestId: request.requestI…\n    214|     await expect(engine.decideTask(task!.taskId, intruder, 'APPROVE', …\n       |                                                                                ^\n    215|       ForbiddenError\n    216|     );\n\n⎯⎯⎯⎯⎯⎯⎯⎯⎯⎯⎯⎯⎯⎯⎯⎯⎯⎯⎯⎯⎯⎯⎯⎯[1/1]⎯"
    }
  ]
}